# JRE version: OpenJDK Runtime Environment Temurin-25.0.1+8 (25.0.1+8) (build 25.0.1+8-LTS)
# Java VM: OpenJDK 64-Bit Server VM Temurin-25.0.1+8 (25.0.1+8-LTS, mixed mode, sharing, tiered, compressed oops, compressed class ptrs, g1 gc, windows-amd64)
GC Precious Log:
 CardTable entry size: 512
 Card Set container configuration: InlinePtr #cards 5 size 8 Array Of Cards #cards 10 size 36 Howl #buckets 4 coarsen threshold 1843 Howl Bitmap #cards 512 size 80 coarsen threshold 460 Card regions per heap region 1 cards per card region 2048
 CPUs: 8 total, 8 available
 Memory: 7975M
 Large Page Support: Disabled
 NUMA Support: Disabled
 Compressed Oops: Enabled (32-bit)
 Heap Region Size: 1M
 Heap Min Capacity: 8M
 Heap Initial Capacity: 126M
 Heap Max Capacity: 1994M
 Pre-touch: Disabled
 Parallel Workers: 8
 Concurrent Workers: 2
 Concurrent Refinement Workers: 8
 Periodic GC: Disabled
Heap:
 garbage-first heap   total reserved 2041856K, committed 47104K, used 29092K [0x0000000083600000, 0x0000000100000000)
  region size 1024K, 24 young (24576K), 6 survivors (6144K)
GC Heap Usage History (10 events):
Event: 0.831 {heap Before GC invocations=0 (full 0):
 garbage-first heap   total reserved 2041856K, committed 131072K, used 49291K [0x0000000083600000, 0x0000000100000000)
  region size 1024K, 47 young (48128K), 0 survivors (0K)
}
Event: 0.836 {heap After GC invocations=1 (full 0):
 garbage-first heap   total reserved 2041856K, committed 131072K, used 5771K [0x0000000083600000, 0x0000000100000000)
  region size 1024K, 5 young (5120K), 5 survivors (5120K)
}
Event: 1.188 {heap Before GC invocations=1 (full 0):
 garbage-first heap   total reserved 2041856K, committed 131072K, used 60043K [0x0000000083600000, 0x0000000100000000)
  region size 1024K, 59 young (60416K), 5 survivors (5120K)
}
Event: 1.195 {heap After GC invocations=2 (full 0):
 garbage-first heap   total reserved 2041856K, committed 131072K, used 7503K [0x0000000083600000, 0x0000000100000000)
  region size 1024K, 2 young (2048K), 2 survivors (2048K)
}
Event: 1.872 {heap Before GC invocations=2 (full 0):
 garbage-first heap   total reserved 2041856K, committed 131072K, used 78159K [0x0000000083600000, 0x0000000100000000)
  region size 1024K, 71 young (72704K), 2 survivors (2048K)
}
Event: 1.878 {heap After GC invocations=3 (full 0):
 garbage-first heap   total reserved 2041856K, committed 131072K, used 9965K [0x0000000083600000, 0x0000000100000000)
  region size 1024K, 5 young (5120K), 5 survivors (5120K)
}
Event: 2.034 {heap Before GC invocations=3 (full 0):
 garbage-first heap   total reserved 2041856K, committed 131072K, used 23277K [0x0000000083600000, 0x0000000100000000)
  region size 1024K, 19 young (19456K), 5 survivors (5120K)
}
Event: 2.039 {heap After GC invocations=4 (full 0):
 garbage-first heap   total reserved 2041856K, committed 131072K, used 10734K [0x0000000083600000, 0x0000000100000000)
  region size 1024K, 5 young (5120K), 5 survivors (5120K)
}
Event: 2.448 {heap Before GC invocations=5 (full 0):
 garbage-first heap   total reserved 2041856K, committed 40960K, used 38382K [0x0000000083600000, 0x0000000100000000)
  region size 1024K, 33 young (33792K), 5 survivors (5120K)
}
Event: 2.459 {heap After GC invocations=6 (full 0):
 garbage-first heap   total reserved 2041856K, committed 47104K, used 11684K [0x0000000083600000, 0x0000000100000000)
  region size 1024K, 6 young (6144K), 6 survivors (6144K)
}

